2021-10-13 18:16:11,910 [Worker-3: Loading available Gradle versions] INFO  o.e.b.c.i.u.g.PublishedGradleVersions - Gradle version information cache is not available. Remote download required.
2021-10-13 18:20:56,849 [Start Help Server] INFO  org.eclipse.jetty.util.log - Logging initialized @483432ms to org.eclipse.jetty.util.log.Slf4jLog
2021-10-13 18:20:57,092 [Start Help Server] INFO  org.eclipse.jetty.server.Server - jetty-9.4.35.v20201120; built: 2020-11-27T20:36:51.615Z; git: bdc54f03a5e0a7e280fab27f55c3c75ee8da89fb; jvm 16.0.2+7-67
2021-10-13 18:20:57,129 [Start Help Server] INFO  org.eclipse.jetty.server.session - DefaultSessionIdManager workerName=node0
2021-10-13 18:20:57,130 [Start Help Server] INFO  org.eclipse.jetty.server.session - No SessionScavenger set, using defaults
2021-10-13 18:20:57,133 [Start Help Server] INFO  org.eclipse.jetty.server.session - node0 Scavenging every 660000ms
2021-10-13 18:20:57,190 [Start Help Server] INFO  o.e.j.server.handler.ContextHandler - Started o.e.j.s.ServletContextHandler@4218cf4a{/help,null,AVAILABLE}
2021-10-13 18:20:57,227 [Start Help Server] INFO  o.e.jetty.server.AbstractConnector - Started ServerConnector@240fce7f{HTTP/1.1, (http/1.1)}{127.0.0.1:51461}
2021-10-13 18:20:57,228 [Start Help Server] INFO  org.eclipse.jetty.server.Server - Started @483814ms
2021-10-13 18:20:57,229 [Start Help Server] INFO  org.eclipse.jetty.server.session - node0 Scavenging every 660000ms
2021-10-13 18:22:33,780 [Stop Help Server] INFO  o.e.jetty.server.AbstractConnector - Stopped ServerConnector@240fce7f{HTTP/1.1, (http/1.1)}{127.0.0.1:0}
2021-10-13 18:22:33,783 [Stop Help Server] INFO  org.eclipse.jetty.server.session - node0 Stopped scavenging
2021-10-13 18:22:33,840 [Stop Help Server] INFO  o.e.j.server.handler.ContextHandler - Stopped o.e.j.s.ServletContextHandler@4218cf4a{/help,null,STOPPED}
2021-10-13 18:40:13,714 [Worker-2: Loading available Gradle versions] INFO  o.e.b.c.i.u.g.PublishedGradleVersions - Gradle version information cache is up-to-date. Trying to read.
2021-10-13 18:53:17,630 [Worker-0: Loading available Gradle versions] INFO  o.e.b.c.i.u.g.PublishedGradleVersions - Gradle version information cache is up-to-date. Trying to read.
2021-10-13 18:57:51,592 [Start Help Server] INFO  org.eclipse.jetty.util.log - Logging initialized @289970ms to org.eclipse.jetty.util.log.Slf4jLog
2021-10-13 18:57:51,851 [Start Help Server] INFO  org.eclipse.jetty.server.Server - jetty-9.4.35.v20201120; built: 2020-11-27T20:36:51.615Z; git: bdc54f03a5e0a7e280fab27f55c3c75ee8da89fb; jvm 16.0.2+7-67
2021-10-13 18:57:51,889 [Start Help Server] INFO  org.eclipse.jetty.server.session - DefaultSessionIdManager workerName=node0
2021-10-13 18:57:51,889 [Start Help Server] INFO  org.eclipse.jetty.server.session - No SessionScavenger set, using defaults
2021-10-13 18:57:51,893 [Start Help Server] INFO  org.eclipse.jetty.server.session - node0 Scavenging every 600000ms
2021-10-13 18:57:51,950 [Start Help Server] INFO  o.e.j.server.handler.ContextHandler - Started o.e.j.s.ServletContextHandler@ce623b7{/help,null,AVAILABLE}
2021-10-13 18:57:51,984 [Start Help Server] INFO  o.e.jetty.server.AbstractConnector - Started ServerConnector@5fe1fe22{HTTP/1.1, (http/1.1)}{127.0.0.1:51487}
2021-10-13 18:57:51,984 [Start Help Server] INFO  org.eclipse.jetty.server.Server - Started @290367ms
2021-10-13 18:57:51,985 [Start Help Server] INFO  org.eclipse.jetty.server.session - node0 Scavenging every 600000ms
2021-10-13 19:09:32,345 [Stop Help Server] INFO  o.e.jetty.server.AbstractConnector - Stopped ServerConnector@5fe1fe22{HTTP/1.1, (http/1.1)}{127.0.0.1:0}
2021-10-13 19:09:32,345 [Stop Help Server] INFO  org.eclipse.jetty.server.session - node0 Stopped scavenging
2021-10-13 19:09:32,361 [Stop Help Server] INFO  o.e.j.server.handler.ContextHandler - Stopped o.e.j.s.ServletContextHandler@ce623b7{/help,null,STOPPED}
2021-10-14 13:05:02,410 [Worker-0: Loading available Gradle versions] INFO  o.e.b.c.i.u.g.PublishedGradleVersions - Gradle version information cache is up-to-date. Trying to read.
